<?xml version="1.0" encoding="UTF-8"?>
<testsuite xmlns:xsi="http://www.w3.org/2001/XMLSchema-instance" xsi:noNamespaceSchemaLocation="https://maven.apache.org/surefire/maven-surefire-plugin/xsd/surefire-test-report-3.0.xsd" version="3.0" name="com.upskilling.smartdeploymonitor.controller.DemoControllerTest" time="1.926" tests="3" errors="0" skipped="0" failures="0">
  <properties>
[...]
</properties>
  <testcase name="testHealthEndpoint" classname="com.upskilling.smartdeploymonitor.controller.DemoControllerTest" time="0.563">
    <system-out><![CDATA[21:54:41.184 [main] INFO org.springframework.test.context.support.AnnotationConfigContextLoaderUtils -- Could not detect default configuration classes for test class [com.upskilling.smartdeploymonitor.controller.DemoControllerTest]: DemoControllerTest does not declare any static, non-private, non-final, nested classes annotated with @Configuration.
21:54:41.281 [main] INFO org.springframework.boot.test.context.SpringBootTestContextBootstrapper -- Found @SpringBootConfiguration com.upskilling.smartdeploymonitor.SmartDeployMonitorApplication for test class com.upskilling.smartdeploymonitor.controller.DemoControllerTest

  .   ____          _            __ _ _
 /\\ / ___'_ __ _ _(_)_ __  __ _ \ \ \ \
( ( )\___ | '_ | '_| | '_ \/ _` | \ \ \ \
 \\/  ___)| |_)| | | | | || (_| |  ) ) ) )
  '  |____| .__|_| |_|_| |_\__, | / / / /
 =========|_|==============|___/=/_/_/_/
&amp#27;[32m :: Spring Boot :: &amp#27;[39m              &amp#27;[2m (v3.2.0)&amp#27;[0;39m

2025-10-17 21:54:41 [main] INFO  c.u.s.controller.DemoControllerTest - Starting DemoControllerTest using Java 23 with PID 94562 (started by alialsubhi in /Users/alialsubhi/Desktop/Upskilling/practices/observability-cicd/smart-deploy-monitor)
2025-10-17 21:54:41 [main] INFO  c.u.s.controller.DemoControllerTest - No active profile set, falling back to 1 default profile: "default"
2025-10-17 21:54:42 [main] INFO  c.u.s.service.MonitoringService - Monitoring service initialized with custom metrics
2025-10-17 21:54:42 [main] DEBUG o.s.s.c.ThreadPoolTaskExecutor - Initializing ExecutorService 'applicationTaskExecutor'
2025-10-17 21:54:42 [main] DEBUG o.s.s.c.ThreadPoolTaskScheduler - Initializing ExecutorService 'taskScheduler'
2025-10-17 21:54:42 [main] INFO  o.s.b.a.e.web.EndpointLinksResolver - Exposing 6 endpoint(s) beneath base path '/actuator'
2025-10-17 21:54:42 [main] INFO  c.u.s.controller.DemoControllerTest - Started DemoControllerTest in 0.999 seconds (process running for 1.603)
2025-10-17 21:54:42 [scheduling-1] INFO  c.u.s.service.MonitoringService - System Status - Uptime: 0s, Memory: 26.15/59.00MB, CPU Cores: 8, Requests: 0, Connections: 33
2025-10-17 21:54:42 [main] INFO  o.s.mock.web.MockServletContext - Initializing Spring TestDispatcherServlet ''
2025-10-17 21:54:42 [main] INFO  o.s.t.w.s.TestDispatcherServlet - Initializing Servlet ''
2025-10-17 21:54:42 [main] INFO  o.s.t.w.s.TestDispatcherServlet - Completed initialization in 0 ms
2025-10-17 21:54:42 [main] INFO  c.u.s.controller.DemoController - Health check requested at 2025-10-17T21:54:42.933763
]]></system-out>
    <system-err><![CDATA[WARNING: A Java agent has been loaded dynamically (/Users/alialsubhi/.m2/repository/net/bytebuddy/byte-buddy-agent/1.14.10/byte-buddy-agent-1.14.10.jar)
WARNING: If a serviceability tool is in use, please run with -XX:+EnableDynamicAgentLoading to hide this warning
WARNING: If a serviceability tool is not in use, please run with -Djdk.instrument.traceUsage for more information
WARNING: Dynamic loading of agents will be disallowed by default in a future release
]]></system-err>
  </testcase>
  <testcase name="testLogsEndpoint" classname="com.upskilling.smartdeploymonitor.controller.DemoControllerTest" time="0.01">
    <system-out><![CDATA[2025-10-17 21:54:42 [main] INFO  o.s.mock.web.MockServletContext - Initializing Spring TestDispatcherServlet ''
2025-10-17 21:54:42 [main] INFO  o.s.t.w.s.TestDispatcherServlet - Initializing Servlet ''
2025-10-17 21:54:42 [main] INFO  o.s.t.w.s.TestDispatcherServlet - Completed initialization in 0 ms
2025-10-17 21:54:42 [main] INFO  c.u.s.controller.DemoController - Info value generated: 99
]]></system-out>
  </testcase>
  <testcase name="testInfoEndpoint" classname="com.upskilling.smartdeploymonitor.controller.DemoControllerTest" time="0.008">
    <system-out><![CDATA[2025-10-17 21:54:42 [main] INFO  o.s.mock.web.MockServletContext - Initializing Spring TestDispatcherServlet ''
2025-10-17 21:54:42 [main] INFO  o.s.t.w.s.TestDispatcherServlet - Initializing Servlet ''
2025-10-17 21:54:42 [main] INFO  o.s.t.w.s.TestDispatcherServlet - Completed initialization in 0 ms
2025-10-17 21:54:42 [main] INFO  c.u.s.controller.DemoController - Info endpoint requested
]]></system-out>
  </testcase>
</testsuite>